\BOOKMARK [1][-]{section.1}{\376\377\000I\000n\000t\000r\000o\000d\000u\000c\000c\000i\000\363\000n}{}% 1
\BOOKMARK [1][-]{section.2}{\376\377\000T\000r\000a\000b\000a\000j\000o\000s\000\040\000r\000e\000l\000a\000c\000i\000o\000n\000a\000d\000o\000s}{}% 2
\BOOKMARK [2][-]{subsection.2.1}{\376\377\000C\000l\000a\000s\000i\000f\000i\000c\000a\000c\000i\000\363\000n\000\040\000d\000e\000\040\000i\000m\000\341\000g\000e\000n\000e\000s\000\040\000O\000C\000T}{section.2}% 3
\BOOKMARK [2][-]{subsection.2.2}{\376\377\000S\000e\000g\000m\000e\000n\000t\000a\000c\000i\000\363\000n\000\040\000d\000e\000\040\000c\000a\000p\000a\000s\000\040\000r\000e\000t\000i\000n\000a\000l\000e\000s}{section.2}% 4
\BOOKMARK [2][-]{subsection.2.3}{\376\377\000I\000n\000t\000e\000g\000r\000a\000c\000i\000\363\000n\000\040\000d\000e\000\040\000s\000e\000g\000m\000e\000n\000t\000a\000c\000i\000\363\000n\000\040\000y\000\040\000c\000l\000a\000s\000i\000f\000i\000c\000a\000c\000i\000\363\000n}{section.2}% 5
\BOOKMARK [2][-]{subsection.2.4}{\376\377\000C\000o\000m\000p\000a\000r\000i\000s\000o\000n\000\040\000a\000n\000d\000\040\000E\000v\000a\000l\000u\000a\000t\000i\000o\000n}{section.2}% 6
\BOOKMARK [1][-]{section.3}{\376\377\000M\000e\000t\000o\000d\000o\000l\000o\000g\000\355\000a}{}% 7
\BOOKMARK [2][-]{subsection.3.1}{\376\377\000D\000a\000t\000a\000s\000e\000t}{section.3}% 8
\BOOKMARK [2][-]{subsection.3.2}{\376\377\000M\000o\000d\000e\000l\000o\000\040\000d\000e\000\040\000s\000e\000g\000m\000e\000n\000t\000a\000c\000i\000\363\000n\000\040\000\050\000E\000x\000p\000e\000r\000i\000m\000e\000n\000t\000o\000\040\0001\000\051}{section.3}% 9
\BOOKMARK [2][-]{subsection.3.3}{\376\377\000C\000l\000a\000s\000i\000f\000i\000c\000a\000c\000i\000\363\000n\000\040\000s\000o\000b\000r\000e\000\040\000i\000m\000\341\000g\000e\000n\000e\000s\000\040\000c\000r\000u\000d\000a\000s\000\040\000\050\000E\000x\000p\000e\000r\000i\000m\000e\000n\000t\000o\000\040\0002\000\051}{section.3}% 10
\BOOKMARK [2][-]{subsection.3.4}{\376\377\000C\000l\000a\000s\000i\000f\000i\000c\000a\000c\000i\000\363\000n\000\040\000c\000o\000n\000\040\000s\000e\000g\000m\000e\000n\000t\000a\000c\000i\000\363\000n\000\040\000\050\000E\000x\000p\000e\000r\000i\000m\000e\000n\000t\000o\000\040\0003\000\051}{section.3}% 11
\BOOKMARK [2][-]{subsection.3.5}{\376\377\000E\000s\000t\000u\000d\000i\000o\000\040\000d\000e\000\040\000a\000b\000l\000a\000c\000i\000\363\000n\000\040\000p\000o\000r\000\040\000c\000a\000p\000a\000s\000\040\000\050\000E\000x\000p\000e\000r\000i\000m\000e\000n\000t\000o\000\040\0004\000\051}{section.3}% 12
\BOOKMARK [1][-]{section.4}{\376\377\000R\000e\000s\000u\000l\000t\000a\000d\000o\000s}{}% 13
\BOOKMARK [2][-]{subsection.4.1}{\376\377\000R\000e\000n\000d\000i\000m\000i\000e\000n\000t\000o\000\040\000d\000e\000\040\000l\000a\000\040\000s\000e\000g\000m\000e\000n\000t\000a\000c\000i\000\363\000n}{section.4}% 14
\BOOKMARK [2][-]{subsection.4.2}{\376\377\000C\000o\000m\000p\000a\000r\000a\000c\000i\000\363\000n\000\040\000d\000e\000\040\000c\000l\000a\000s\000i\000f\000i\000c\000a\000c\000i\000\363\000n}{section.4}% 15
\BOOKMARK [2][-]{subsection.4.3}{\376\377\000E\000s\000t\000u\000d\000i\000o\000\040\000d\000e\000\040\000a\000b\000l\000a\000c\000i\000\363\000n}{section.4}% 16
\BOOKMARK [1][-]{section.5}{\376\377\000A\000p\000p\000l\000i\000c\000a\000c\000i\000\363\000n\000\040\000w\000e\000b\000\040\000-\000\040\000d\000e\000m\000o}{}% 17
\BOOKMARK [1][-]{section.6}{\376\377\000D\000i\000s\000c\000u\000s\000i\000\363\000n}{}% 18
\BOOKMARK [1][-]{section.7}{\376\377\000C\000o\000n\000c\000l\000u\000s\000i\000\363\000n}{}% 19
\BOOKMARK [1][-]{section*.10}{\376\377\000R\000e\000f\000e\000r\000e\000n\000c\000i\000a\000s}{}% 20
